cabal: Entering directory '/var/folders/f6/w0qw_qrs3ps3d5d1q16vwbhw0000gn/T/cabal-tmp-2121/quickcheck-io-0.1.4'
Configuring quickcheck-io-0.1.4...
Building quickcheck-io-0.1.4...
Preprocessing library quickcheck-io-0.1.4...
[1 of 1] Compiling Test.QuickCheck.IO ( src/Test/QuickCheck/IO.hs, dist/dist-sandbox-4d3939d8/build/Test/QuickCheck/IO.o )
[1 of 1] Compiling Test.QuickCheck.IO ( src/Test/QuickCheck/IO.hs, dist/dist-sandbox-4d3939d8/build/Test/QuickCheck/IO.p_o )
Running Haddock for quickcheck-io-0.1.4...
Preprocessing library quickcheck-io-0.1.4...
Haddock coverage:
   0% (  0 /  3) in 'Test.QuickCheck.IO'
  Missing documentation for:
    Module header
     (src/Test/QuickCheck/IO.hs:9)
    propertyIO (src/Test/QuickCheck/IO.hs:15)
Documentation created:
dist/dist-sandbox-4d3939d8/doc/html/quickcheck-io/index.html
Creating package registration file:
/var/folders/f6/w0qw_qrs3ps3d5d1q16vwbhw0000gn/T/pkgConf-quickcheck-io-0.13301111371227619358.4
Installing library in /Users/nosagie-asaolu/Documents/Projects/Haskell/Haskell
From First Principles
Exercises/Addition/.cabal-sandbox/lib/x86_64-osx-ghc-8.0.2/quickcheck-io-0.1.4-oZAL2mBZhp1YC4TJ22HV0
Registering quickcheck-io-0.1.4...
cabal: Leaving directory '/var/folders/f6/w0qw_qrs3ps3d5d1q16vwbhw0000gn/T/cabal-tmp-2121/quickcheck-io-0.1.4'
