cabal: Entering directory '/var/folders/f6/w0qw_qrs3ps3d5d1q16vwbhw0000gn/T/cabal-tmp-2126/setenv-0.1.1.3'
Configuring setenv-0.1.1.3...
Building setenv-0.1.1.3...
Preprocessing library setenv-0.1.1.3...
[1 of 1] Compiling System.SetEnv    ( src/System/SetEnv.hs, dist/dist-sandbox-4d3939d8/build/System/SetEnv.o )
[1 of 1] Compiling System.SetEnv    ( src/System/SetEnv.hs, dist/dist-sandbox-4d3939d8/build/System/SetEnv.p_o )
Running Haddock for setenv-0.1.1.3...
Preprocessing library setenv-0.1.1.3...
Haddock coverage:
  67% (  2 /  3) in 'System.SetEnv'
  Missing documentation for:
    Module header
Documentation created: dist/dist-sandbox-4d3939d8/doc/html/setenv/index.html
Creating package registration file:
/var/folders/f6/w0qw_qrs3ps3d5d1q16vwbhw0000gn/T/pkgConf-setenv-0.1.1510616708590357944.3
Installing library in /Users/nosagie-asaolu/Documents/Projects/Haskell/Haskell
From First Principles
Exercises/Addition/.cabal-sandbox/lib/x86_64-osx-ghc-8.0.2/setenv-0.1.1.3-8dEhk6JWvlmCmVyBammSpu
Registering setenv-0.1.1.3...
cabal: Leaving directory '/var/folders/f6/w0qw_qrs3ps3d5d1q16vwbhw0000gn/T/cabal-tmp-2126/setenv-0.1.1.3'
