cabal: Entering directory '/var/folders/f6/w0qw_qrs3ps3d5d1q16vwbhw0000gn/T/cabal-tmp-2123/tf-random-0.5'
Configuring tf-random-0.5...
Building tf-random-0.5...
Preprocessing library tf-random-0.5...
[1 of 4] Compiling System.Random.TF.Gen ( src/System/Random/TF/Gen.hs, dist/dist-sandbox-4d3939d8/build/System/Random/TF/Gen.o )
[2 of 4] Compiling System.Random.TF.Init ( src/System/Random/TF/Init.hs, dist/dist-sandbox-4d3939d8/build/System/Random/TF/Init.o )

src/System/Random/TF/Init.hs:94:5: warning: [-Wdeprecations]
    In the use of ‘bitSize’ (imported from Data.Bits):
    Deprecated: "Use 'bitSizeMaybe' or 'finiteBitSize' instead"
[3 of 4] Compiling System.Random.TF.Instances ( src/System/Random/TF/Instances.hs, dist/dist-sandbox-4d3939d8/build/System/Random/TF/Instances.o )
[4 of 4] Compiling System.Random.TF ( src/System/Random/TF.hs, dist/dist-sandbox-4d3939d8/build/System/Random/TF.o )
[1 of 4] Compiling System.Random.TF.Gen ( src/System/Random/TF/Gen.hs, dist/dist-sandbox-4d3939d8/build/System/Random/TF/Gen.p_o )
[2 of 4] Compiling System.Random.TF.Init ( src/System/Random/TF/Init.hs, dist/dist-sandbox-4d3939d8/build/System/Random/TF/Init.p_o )

src/System/Random/TF/Init.hs:94:5: warning: [-Wdeprecations]
    In the use of ‘bitSize’ (imported from Data.Bits):
    Deprecated: "Use 'bitSizeMaybe' or 'finiteBitSize' instead"
[3 of 4] Compiling System.Random.TF.Instances ( src/System/Random/TF/Instances.hs, dist/dist-sandbox-4d3939d8/build/System/Random/TF/Instances.p_o )
[4 of 4] Compiling System.Random.TF ( src/System/Random/TF.hs, dist/dist-sandbox-4d3939d8/build/System/Random/TF.p_o )
Running Haddock for tf-random-0.5...
Preprocessing library tf-random-0.5...

src/System/Random/TF/Init.hs:94:5: warning: [-Wdeprecations]
    In the use of ‘bitSize’ (imported from Data.Bits):
    Deprecated: "Use 'bitSizeMaybe' or 'finiteBitSize' instead"
Haddock coverage:
 100% (  4 /  4) in 'System.Random.TF.Gen'
  83% (  5 /  6) in 'System.Random.TF.Init'
  Missing documentation for:
    Module header
  33% (  1 /  3) in 'System.Random.TF.Instances'
  Missing documentation for:
    Random (src/System/Random/TF/Instances.hs:37)
    randomEnum (src/System/Random/TF/Instances.hs:205)
 100% (  3 /  3) in 'System.Random.TF'
Documentation created:
dist/dist-sandbox-4d3939d8/doc/html/tf-random/index.html
Creating package registration file:
/var/folders/f6/w0qw_qrs3ps3d5d1q16vwbhw0000gn/T/pkgConf-tf-random-021463194511908194298.5
Installing library in /Users/nosagie-asaolu/Documents/Projects/Haskell/Haskell
From First Principles
Exercises/Addition/.cabal-sandbox/lib/x86_64-osx-ghc-8.0.2/tf-random-0.5-CJZw1ZWS5MOJlR60HqKEZL
Registering tf-random-0.5...
cabal: Leaving directory '/var/folders/f6/w0qw_qrs3ps3d5d1q16vwbhw0000gn/T/cabal-tmp-2123/tf-random-0.5'
