cabal: Entering directory '/var/folders/f6/w0qw_qrs3ps3d5d1q16vwbhw0000gn/T/cabal-tmp-8632/random-1.1'
Configuring random-1.1...
Building random-1.1...
Preprocessing library random-1.1...
[1 of 1] Compiling System.Random    ( System/Random.hs, dist/dist-sandbox-bf6c4be9/build/System/Random.o )

System/Random.hs:43:1: warning: [-Wtabs]
    Tab character found here, and in 74 further locations.
    Please use spaces instead.
[1 of 1] Compiling System.Random    ( System/Random.hs, dist/dist-sandbox-bf6c4be9/build/System/Random.p_o )

System/Random.hs:43:1: warning: [-Wtabs]
    Tab character found here, and in 74 further locations.
    Please use spaces instead.
Running Haddock for random-1.1...
Preprocessing library random-1.1...

System/Random.hs:43:1: warning: [-Wtabs]
    Tab character found here, and in 74 further locations.
    Please use spaces instead.
Haddock coverage:
Cannot find documentation for: $intro
 100% ( 16 / 16) in 'System.Random'
Documentation created: dist/dist-sandbox-bf6c4be9/doc/html/random/index.html
Creating package registration file:
/var/folders/f6/w0qw_qrs3ps3d5d1q16vwbhw0000gn/T/pkgConf-random-18965443031474833169.1
Installing library in /Users/nosagie-asaolu/Documents/Projects/Haskell/Haskell
From First Principles
Exercises/Hangman/.cabal-sandbox/lib/x86_64-osx-ghc-8.0.2/random-1.1-9tceXaeYIMZ4JrKq20Egog
Registering random-1.1...
cabal: Leaving directory '/var/folders/f6/w0qw_qrs3ps3d5d1q16vwbhw0000gn/T/cabal-tmp-8632/random-1.1'
